[debug] [2021-07-29T13:23:43.894Z] ----------------------------------------------------------------------
[debug] [2021-07-29T13:23:43.895Z] Command:       C:\Program Files\nodejs\node.exe C:\Users\azsyfryd\AppData\Roaming\npm\node_modules\firebase-tools\lib\bin\firebase.js init
[debug] [2021-07-29T13:23:43.896Z] CLI Version:   9.16.0
[debug] [2021-07-29T13:23:43.896Z] Platform:      win32
[debug] [2021-07-29T13:23:43.896Z] Node Version:  v12.16.2
[debug] [2021-07-29T13:23:43.896Z] Time:          Thu Jul 29 2021 20:23:43 GMT+0700 (Indochina Time)
[debug] [2021-07-29T13:23:43.897Z] ----------------------------------------------------------------------
[debug] 
[debug] [2021-07-29T13:23:43.902Z] > command requires scopes: ["email","openid","https://www.googleapis.com/auth/cloudplatformprojects.readonly","https://www.googleapis.com/auth/firebase","https://www.googleapis.com/auth/cloud-platform"]
[debug] [2021-07-29T13:23:43.902Z] > authorizing via signed-in user (azizariesta2@gmail.com)
[info] 
     ######## #### ########  ######## ########     ###     ######  ########
     ##        ##  ##     ## ##       ##     ##  ##   ##  ##       ##
     ######    ##  ########  ######   ########  #########  ######  ######
     ##        ##  ##    ##  ##       ##     ## ##     ##       ## ##
     ##       #### ##     ## ######## ########  ##     ##  ######  ########

You're about to initialize a Firebase project in this directory:

  D:\azizCatfish\azizcatfishStatic

[info] 
=== Project Setup
[info] 
[info] First, let's associate this project directory with a Firebase project.
[info] You can create multiple project aliases by running firebase use --add, 
[info] but for now we'll just set up a default project.
[info] 
[debug] [2021-07-29T13:24:04.938Z] >>> [apiv2][query] GET https://firebase.googleapis.com/v1beta1/projects pageSize=100
[debug] [2021-07-29T13:24:05.483Z] <<< [apiv2][status] GET https://firebase.googleapis.com/v1beta1/projects 200
[debug] [2021-07-29T13:24:05.483Z] <<< [apiv2][body] GET https://firebase.googleapis.com/v1beta1/projects [omitted]
[info] i  Using project azizcatfish-debf6 (azizCatfish) 
[info] 
=== Hosting Setup
[info] 
[info] Your public directory is the folder (relative to your project directory) that
[info] will contain Hosting assets to be uploaded with firebase deploy. If you
[info] have a build process for your assets, use your build's output directory.
[info] 
[info] +  Wrote /404.html 
[debug] [2021-07-29T13:24:25.433Z] >>> [apiv2][query] GET https://www.gstatic.com/firebasejs/releases.json [none]
[debug] [2021-07-29T13:24:25.517Z] <<< [apiv2][status] GET https://www.gstatic.com/firebasejs/releases.json 200
[debug] [2021-07-29T13:24:25.518Z] <<< [apiv2][body] GET https://www.gstatic.com/firebasejs/releases.json {"current":{"version":"8.8.0","browserURL":"https://www.gstatic.com/firebasejs/8.8.0/firebase.js","packageURL":"https://www.gstatic.com/firebasejs/8.8.0/firebase.tgz"},"live":{"version":"8.8","browserURL":"https://www.gstatic.com/firebasejs/live/8.8/firebase.js","packageURL":"https://www.gstatic.com/firebasejs/live/8.8/firebase.tgz"},"components":{"analytics":"https://www.gstatic.com/firebasejs/8.8.0/firebase-analytics.js","app":"https://www.gstatic.com/firebasejs/8.8.0/firebase-app.js","app-check":"https://www.gstatic.com/firebasejs/8.8.0/firebase-app-check.js","auth":"https://www.gstatic.com/firebasejs/8.8.0/firebase-auth.js","database":"https://www.gstatic.com/firebasejs/8.8.0/firebase-database.js","firestore":"https://www.gstatic.com/firebasejs/8.8.0/firebase-firestore.js","functions":"https://www.gstatic.com/firebasejs/8.8.0/firebase-functions.js","installations":"https://www.gstatic.com/firebasejs/8.8.0/firebase-installations.js","messaging":"https://www.gstatic.com/firebasejs/8.8.0/firebase-messaging.js","storage":"https://www.gstatic.com/firebasejs/8.8.0/firebase-storage.js","performance":"https://www.gstatic.com/firebasejs/8.8.0/firebase-performance.js","remote-config":"https://www.gstatic.com/firebasejs/8.8.0/firebase-remote-config.js","firestore.memory":"https://www.gstatic.com/firebasejs/8.8.0/firebase-firestore.memory.js"}}
[info] i  Skipping write of /index.html 
[info] 
=== Hosting:github Setup
[info] 
[info] i  Didn't detect a .git folder. Assuming D:\azizCatfish\azizcatfishStatic is the project root. 
[info] i  Authorizing with GitHub to upload your service account to a GitHub repository's secrets store. 
[info] 
[info] Visit this URL on this device to log in:
[info] https://github.com/login/oauth/authorize?client_id=89cf50f02ac6aaed3484&state=758999096&redirect_uri=http%3A%2F%2Flocalhost%3A9005&scope=read%3Auser%20repo%20public_repo
[info] 
[info] Waiting for authentication...
[debug] [2021-07-29T13:24:30.509Z] >>> HTTP REQUEST POST https://github.com/login/oauth/access_token  
 {"client_id":"89cf50f02ac6aaed3484","client_secret":"3330d14abc895d9a74d5f17cd7a00711fa2c5bf0","code":"89b55f034b7bcc998266","redirect_uri":"http://localhost:9005","state":"758999096"}
[debug] [2021-07-29T13:24:30.865Z] <<< HTTP RESPONSE 200 {"server":"GitHub.com","date":"Thu, 29 Jul 2021 13:24:32 GMT","content-type":"application/json; charset=utf-8","transfer-encoding":"chunked","vary":"X-PJAX, Accept-Encoding, Accept, X-Requested-With","permissions-policy":"interest-cohort=()","etag":"W/\"59b36e3da2238108222ea62bbc877095\"","cache-control":"max-age=0, private, must-revalidate","strict-transport-security":"max-age=31536000; includeSubdomains; preload","x-frame-options":"deny","x-content-type-options":"nosniff","x-xss-protection":"0","referrer-policy":"origin-when-cross-origin, strict-origin-when-cross-origin","expect-ct":"max-age=2592000, report-uri=\"https://api.github.com/_private/browser/errors\"","content-security-policy":"default-src 'none'; base-uri 'self'; block-all-mixed-content; connect-src 'self' uploads.github.com www.githubstatus.com collector.githubapp.com api.github.com github-cloud.s3.amazonaws.com github-production-repository-file-5c1aeb.s3.amazonaws.com github-production-upload-manifest-file-7fdce7.s3.amazonaws.com github-production-user-asset-6210df.s3.amazonaws.com cdn.optimizely.com logx.optimizely.com/v1/events translator.github.com wss://alive.github.com; font-src github.githubassets.com; form-action 'self' github.com gist.github.com; frame-ancestors 'none'; frame-src render.githubusercontent.com render-temp.githubusercontent.com viewscreen.githubusercontent.com; img-src 'self' data: github.githubassets.com identicons.github.com collector.githubapp.com github-cloud.s3.amazonaws.com secured-user-images.githubusercontent.com/ *.githubusercontent.com; manifest-src 'self'; media-src 'none'; script-src github.githubassets.com; style-src 'unsafe-inline' github.githubassets.com; worker-src github.com/socket-worker-3f088aa2.js gist.github.com/socket-worker-3f088aa2.js","x-github-request-id":"CC05:4C41:364AFE:3BC00F:6102AC10"}
[debug] [2021-07-29T13:24:30.868Z] >>> [apiv2][query] GET https://api.github.com/user [none]
[debug] [2021-07-29T13:24:31.259Z] <<< [apiv2][status] GET https://api.github.com/user 200
[debug] [2021-07-29T13:24:31.260Z] <<< [apiv2][body] GET https://api.github.com/user {"login":"azrst","id":44601815,"node_id":"MDQ6VXNlcjQ0NjAxODE1","avatar_url":"https://avatars.githubusercontent.com/u/44601815?v=4","gravatar_id":"","url":"https://api.github.com/users/azrst","html_url":"https://github.com/azrst","followers_url":"https://api.github.com/users/azrst/followers","following_url":"https://api.github.com/users/azrst/following{/other_user}","gists_url":"https://api.github.com/users/azrst/gists{/gist_id}","starred_url":"https://api.github.com/users/azrst/starred{/owner}{/repo}","subscriptions_url":"https://api.github.com/users/azrst/subscriptions","organizations_url":"https://api.github.com/users/azrst/orgs","repos_url":"https://api.github.com/users/azrst/repos","events_url":"https://api.github.com/users/azrst/events{/privacy}","received_events_url":"https://api.github.com/users/azrst/received_events","type":"User","site_admin":false,"name":null,"company":null,"blog":"","location":null,"email":null,"hireable":null,"bio":null,"twitter_username":null,"public_repos":13,"public_gists":0,"followers":0,"following":0,"created_at":"2018-10-30T08:20:40Z","updated_at":"2021-07-25T13:12:00Z","private_gists":0,"total_private_repos":0,"owned_private_repos":0,"disk_usage":65711,"collaborators":0,"two_factor_authentication":false,"plan":{"name":"free","space":976562499,"collaborators":0,"private_repos":10000}}
[info] 
[info] +  Success! Logged into GitHub as azrst 
[info] 
[debug] [2021-07-29T13:24:40.893Z] >>> [apiv2][query] GET https://api.github.com/repos//actions/secrets/public-key type=owner
[debug] [2021-07-29T13:24:41.222Z] <<< [apiv2][status] GET https://api.github.com/repos//actions/secrets/public-key 404
[debug] [2021-07-29T13:24:41.222Z] <<< [apiv2][body] GET https://api.github.com/repos//actions/secrets/public-key {"message":"Not Found","documentation_url":"https://docs.github.com/rest"}
